<?xml version="1.0" encoding="UTF-8"?>
<!-- Generated by org.testng.reporters.JUnitXMLReporter -->
<testsuite hostname="Vsavala-LT" ignored="0" name="Test1" tests="2" failures="0" timestamp="2020-05-08T14:51:52 IST" time="122.833" errors="0">
  <testcase name="quickStartiOSNativeDemo" time="44.613" classname="com.experitest.integrationproject.EriBankTest"/>
  <testcase name="quickStartiOSNativeDemo" time="67.768" classname="com.experitest.integrationproject.EriBankTest"/>
</testsuite> <!-- Test1 -->
