<?xml version="1.0" encoding="UTF-8"?>
<testsuite xmlns:xsi="http://www.w3.org/2001/XMLSchema-instance" xsi:noNamespaceSchemaLocation="https://maven.apache.org/surefire/maven-surefire-plugin/xsd/surefire-test-report-3.0.xsd" version="3.0" name="TestSuite" time="123.755" tests="2" errors="0" skipped="0" failures="0">
  <properties>
[...]
</properties>
  <testcase name="quickStartiOSNativeDemo" classname="com.experitest.integrationproject.EriBankTest" time="33.844"/>
  <testcase name="quickStartiOSNativeDemo" classname="com.experitest.integrationproject.EriBankTest" time="67.769"/>
</testsuite>