<?xml version="1.0" encoding="UTF-8"?>
<testng-results skipped="0" failed="0" ignored="0" total="1" passed="1">
  <reporter-output>
  </reporter-output>
  <suite name="Suite" duration-ms="122833" started-at="2020-05-08T14:49:49 IST" finished-at="2020-05-08T14:51:52 IST">
    <groups>
    </groups>
    <test name="Test1" duration-ms="122833" started-at="2020-05-08T14:49:49 IST" finished-at="2020-05-08T14:51:52 IST">
      <class name="com.experitest.integrationproject.EriBankTest">
        <test-method status="PASS" signature="setUp(java.lang.String)[pri:0, instance:com.experitest.integrationproject.EriBankTest@5ec0a365]" name="setUp" is-config="true" duration-ms="45279" started-at="2020-05-08T14:49:49 IST" finished-at="2020-05-08T14:50:34 IST">
          <params>
            <param index="0">
              <value>
                <![CDATA[uk-1]]>
              </value>
            </param>
          </params>
          <reporter-output>
          </reporter-output>
        </test-method> <!-- setUp -->
        <test-method status="PASS" signature="quickStartiOSNativeDemo()[pri:0, instance:com.experitest.integrationproject.EriBankTest@5ec0a365]" name="quickStartiOSNativeDemo" duration-ms="67768" started-at="2020-05-08T14:50:34 IST" finished-at="2020-05-08T14:51:42 IST">
          <reporter-output>
          </reporter-output>
        </test-method> <!-- quickStartiOSNativeDemo -->
        <test-method status="PASS" signature="tearDown()[pri:0, instance:com.experitest.integrationproject.EriBankTest@5ec0a365]" name="tearDown" is-config="true" duration-ms="9780" started-at="2020-05-08T14:51:42 IST" finished-at="2020-05-08T14:51:52 IST">
          <reporter-output>
          </reporter-output>
        </test-method> <!-- tearDown -->
      </class> <!-- com.experitest.integrationproject.EriBankTest -->
    </test> <!-- Test1 -->
  </suite> <!-- Suite -->
</testng-results>
